TN:
SF:/Users/rafaelcasusoromate/mastermind/src/mastermind.js
FN:3,(anonymous_1)
FN:6,(anonymous_2)
FN:18,(anonymous_3)
FN:28,(anonymous_4)
FN:39,(anonymous_5)
FN:58,(anonymous_6)
FN:64,(anonymous_7)
FNF:7
FNH:6
FNDA:2,(anonymous_1)
FNDA:0,(anonymous_2)
FNDA:2,(anonymous_3)
FNDA:1,(anonymous_4)
FNDA:4,(anonymous_5)
FNDA:2,(anonymous_6)
FNDA:2,(anonymous_7)
DA:3,2
DA:5,2
DA:6,0
DA:7,0
DA:9,2
DA:10,1
DA:11,1
DA:12,1
DA:13,1
DA:15,1
DA:21,2
DA:22,2
DA:24,2
DA:26,2
DA:28,2
DA:29,1
DA:30,1
DA:31,1
DA:35,2
DA:36,2
DA:39,2
DA:40,4
DA:41,4
DA:42,4
DA:43,2
DA:44,2
DA:45,2
DA:46,0
DA:47,0
DA:50,4
DA:51,4
DA:54,4
DA:57,2
DA:59,2
DA:63,2
DA:65,2
DA:69,2
DA:71,2
LF:38
LH:34
BRDA:5,1,0,0
BRDA:5,1,1,2
BRDA:5,2,0,2
BRDA:5,2,1,0
BRDA:9,3,0,1
BRDA:9,3,1,1
BRDA:40,4,0,4
BRDA:40,4,1,0
BRDA:41,5,0,4
BRDA:41,5,1,0
BRDA:42,6,0,2
BRDA:42,6,1,2
BRDA:44,7,0,2
BRDA:44,7,1,0
BRDA:46,8,0,0
BRDA:46,8,1,0
BRDA:50,9,0,4
BRDA:50,9,1,0
BRF:18
BRH:10
end_of_record
